
RAxML-NG v. 1.0.1 released on 19.09.2020 by The Exelixis Lab.
Developed by: Alexey M. Kozlov and Alexandros Stamatakis.
Contributors: Diego Darriba, Tomas Flouri, Benoit Morel, Sarah Lutteropp, Ben Bettisworth.
Latest version: https://github.com/amkozlov/raxml-ng
Questions/problems/suggestions? Please visit: https://groups.google.com/forum/#!forum/raxml

System: Intel(R) Xeon(R) Gold 6226R CPU @ 2.90GHz, 32 cores, 187 GB RAM

RAxML-NG was called at 28-Jun-2021 18:01:17 as follows:

raxml-ng --msa /work/oa20474/PhylogenyPipeline/Opsins/Alignments/PASTA/RogueIter_8/SequencesOfInterestShuffled.part_004.alignment.PASTA.fasta --threads 4 --model LG+G --check

Analysis options:
  run mode: Alignment validation
  start tree(s): 
  random seed: 1624899677
  SIMD kernels: AVX2
  parallelization: coarse-grained (auto), PTHREADS (4 threads), thread pinning: OFF

[00:00:00] Reading alignment from file: /work/oa20474/PhylogenyPipeline/Opsins/Alignments/PASTA/RogueIter_8/SequencesOfInterestShuffled.part_004.alignment.PASTA.fasta
[00:00:00] Loaded alignment with 930 taxa and 13664 sites

WARNING: Fully undetermined columns found: 300

NOTE: Reduced alignment (with duplicates and gap-only sites/taxa removed) 
NOTE: was saved to: /work/oa20474/PhylogenyPipeline/Opsins/Alignments/PASTA/RogueIter_8/SequencesOfInterestShuffled.part_004.alignment.PASTA.fasta.raxml.reduced.phy

Alignment comprises 1 partitions and 13364 sites

Partition 0: noname
Model: LG+G4m
Alignment sites: 13364
Gaps: 97.21 %
Invariant sites: 55.57 %


Alignment can be successfully read by RAxML-NG.


Execution log saved to: /work/oa20474/PhylogenyPipeline/Opsins/Alignments/PASTA/RogueIter_8/SequencesOfInterestShuffled.part_004.alignment.PASTA.fasta.raxml.log

Analysis started: 28-Jun-2021 18:01:17 / finished: 28-Jun-2021 18:01:17

Elapsed time: 0.291 seconds

