
RAxML-NG v. 1.0.1 released on 19.09.2020 by The Exelixis Lab.
Developed by: Alexey M. Kozlov and Alexandros Stamatakis.
Contributors: Diego Darriba, Tomas Flouri, Benoit Morel, Sarah Lutteropp, Ben Bettisworth.
Latest version: https://github.com/amkozlov/raxml-ng
Questions/problems/suggestions? Please visit: https://groups.google.com/forum/#!forum/raxml

System: Intel(R) Xeon(R) Gold 6126 CPU @ 2.60GHz, 24 cores, 187 GB RAM

RAxML-NG was called at 27-Jun-2021 23:22:12 as follows:

raxml-ng --msa /work/oa20474/PhylogenyPipeline/Opsins/Alignments/PASTA/RogueIter_4/SequencesOfInterestShuffled.part_008.alignment.PASTA.fasta --threads 8 --model LG+G --check

Analysis options:
  run mode: Alignment validation
  start tree(s): 
  random seed: 1624832532
  SIMD kernels: AVX2
  parallelization: coarse-grained (auto), PTHREADS (8 threads), thread pinning: OFF

[00:00:00] Reading alignment from file: /work/oa20474/PhylogenyPipeline/Opsins/Alignments/PASTA/RogueIter_4/SequencesOfInterestShuffled.part_008.alignment.PASTA.fasta
[00:00:00] Loaded alignment with 997 taxa and 14234 sites

WARNING: Fully undetermined columns found: 139

NOTE: Reduced alignment (with duplicates and gap-only sites/taxa removed) 
NOTE: was saved to: /work/oa20474/PhylogenyPipeline/Opsins/Alignments/PASTA/RogueIter_4/SequencesOfInterestShuffled.part_008.alignment.PASTA.fasta.raxml.reduced.phy

Alignment comprises 1 partitions and 14095 sites

Partition 0: noname
Model: LG+G4m
Alignment sites: 14095
Gaps: 97.29 %
Invariant sites: 54.49 %


Alignment can be successfully read by RAxML-NG.


Execution log saved to: /work/oa20474/PhylogenyPipeline/Opsins/Alignments/PASTA/RogueIter_4/SequencesOfInterestShuffled.part_008.alignment.PASTA.fasta.raxml.log

Analysis started: 27-Jun-2021 23:22:12 / finished: 27-Jun-2021 23:22:12

Elapsed time: 0.415 seconds

