
RAxML-NG v. 1.0.1 released on 19.09.2020 by The Exelixis Lab.
Developed by: Alexey M. Kozlov and Alexandros Stamatakis.
Contributors: Diego Darriba, Tomas Flouri, Benoit Morel, Sarah Lutteropp, Ben Bettisworth.
Latest version: https://github.com/amkozlov/raxml-ng
Questions/problems/suggestions? Please visit: https://groups.google.com/forum/#!forum/raxml

System: Intel(R) Xeon(R) Gold 6126 CPU @ 2.60GHz, 24 cores, 187 GB RAM

RAxML-NG was called at 26-Jun-2021 17:43:10 as follows:

raxml-ng --msa /work/oa20474/PhylogenyPipeline/Opsins/Alignments/PASTA/RogueIter_0/SequencesOfInterest.alignment.PASTA.fasta --threads 8 --model LG+G --check

Analysis options:
  run mode: Alignment validation
  start tree(s): 
  random seed: 1624725790
  SIMD kernels: AVX2
  parallelization: coarse-grained (auto), PTHREADS (8 threads), thread pinning: OFF

[00:00:00] Reading alignment from file: /work/oa20474/PhylogenyPipeline/Opsins/Alignments/PASTA/RogueIter_0/SequencesOfInterest.alignment.PASTA.fasta
[00:00:04] Loaded alignment with 9851 taxa and 112476 sites

WARNING: Fully undetermined columns found: 2814

WARNING: Sequences XP_001640733.2_2_XP_001640733.2_melatonin_receptor_type_1A_Nematostella_vectensis and XP_001640733.2_melatonin_receptor_type_1A_Nematostella_vectensis are exactly identical!
WARNING: Duplicate sequences found: 1

NOTE: Reduced alignment (with duplicates and gap-only sites/taxa removed) 
NOTE: was saved to: /work/oa20474/PhylogenyPipeline/Opsins/Alignments/PASTA/RogueIter_0/SequencesOfInterest.alignment.PASTA.fasta.raxml.reduced.phy

Alignment comprises 1 partitions and 109662 sites

Partition 0: noname
Model: LG+G4m
Alignment sites: 109662
Gaps: 99.66 %
Invariant sites: 59.00 %


Alignment can be successfully read by RAxML-NG.


Execution log saved to: /work/oa20474/PhylogenyPipeline/Opsins/Alignments/PASTA/RogueIter_0/SequencesOfInterest.alignment.PASTA.fasta.raxml.log

Analysis started: 26-Jun-2021 17:43:10 / finished: 26-Jun-2021 17:43:35

Elapsed time: 24.565 seconds

Consumed energy: 1.480 Wh

