
RAxML-NG v. 1.0.1 released on 19.09.2020 by The Exelixis Lab.
Developed by: Alexey M. Kozlov and Alexandros Stamatakis.
Contributors: Diego Darriba, Tomas Flouri, Benoit Morel, Sarah Lutteropp, Ben Bettisworth.
Latest version: https://github.com/amkozlov/raxml-ng
Questions/problems/suggestions? Please visit: https://groups.google.com/forum/#!forum/raxml

System: Intel(R) Xeon(R) Gold 6226 CPU @ 2.70GHz, 24 cores, 187 GB RAM

RAxML-NG was called at 30-Jun-2021 16:53:30 as follows:

raxml-ng --msa /work/oa20474/PhylogenyPipeline/Opsins/Alignments/PASTA/RogueIter_10/SequencesOfInterestShuffled.part_008.alignment.PASTA.fasta --threads 4 --model LG+G --check

Analysis options:
  run mode: Alignment validation
  start tree(s): 
  random seed: 1625068410
  SIMD kernels: AVX2
  parallelization: coarse-grained (auto), PTHREADS (4 threads), thread pinning: OFF

[00:00:00] Reading alignment from file: /work/oa20474/PhylogenyPipeline/Opsins/Alignments/PASTA/RogueIter_10/SequencesOfInterestShuffled.part_008.alignment.PASTA.fasta
[00:00:00] Loaded alignment with 900 taxa and 12839 sites

WARNING: Fully undetermined columns found: 304

NOTE: Reduced alignment (with duplicates and gap-only sites/taxa removed) 
NOTE: was saved to: /work/oa20474/PhylogenyPipeline/Opsins/Alignments/PASTA/RogueIter_10/SequencesOfInterestShuffled.part_008.alignment.PASTA.fasta.raxml.reduced.phy

Alignment comprises 1 partitions and 12535 sites

Partition 0: noname
Model: LG+G4m
Alignment sites: 12535
Gaps: 96.94 %
Invariant sites: 51.50 %


Alignment can be successfully read by RAxML-NG.


Execution log saved to: /work/oa20474/PhylogenyPipeline/Opsins/Alignments/PASTA/RogueIter_10/SequencesOfInterestShuffled.part_008.alignment.PASTA.fasta.raxml.log

Analysis started: 30-Jun-2021 16:53:30 / finished: 30-Jun-2021 16:53:30

Elapsed time: 0.280 seconds

